2014-06-21 17:29:15	admin	http://pwtest.electrobach.com/ProcessWire-master/	Parse Error: 	syntax error, unexpected '{' (line 19 of /home5/electug8/public_html/pwtest/ProcessWire-master/site/templates/login.php)
2014-06-21 17:30:51	admin	http://pwtest.electrobach.com/ProcessWire-master/	Parse Error: 	syntax error, unexpected '}' (line 61 of /home5/electug8/public_html/pwtest/ProcessWire-master/site/templates/login.php)
2014-06-21 17:53:00	admin	http://pwtest.electrobach.com/ProcessWire-master/	Parse Error: 	syntax error, unexpected 'include' (T_INCLUDE) (line 8 of /home5/electug8/public_html/pwtest/ProcessWire-master/site/templates/home.php)
2014-06-21 17:53:30	admin	http://pwtest.electrobach.com/ProcessWire-master/	Parse Error: 	syntax error, unexpected 'yoâ€' (T_STRING), expecting ',' or ';' (line 10 of /home5/electug8/public_html/pwtest/ProcessWire-master/site/templates/home.php)
2014-06-21 18:01:20	guest	http://pwtest.electrobach.com/ProcessWire-master/	Error: 	Exception: Please wait at least 15 seconds before attempting another login. (in /home5/electug8/public_html/pwtest/ProcessWire-master/wire/modules/Session/SessionLoginThrottle/SessionLoginThrottle.module line 100)
2014-06-21 18:01:23	guest	http://pwtest.electrobach.com/ProcessWire-master/	Error: 	Exception: Please wait at least 15 seconds before attempting another login. (in /home5/electug8/public_html/pwtest/ProcessWire-master/wire/modules/Session/SessionLoginThrottle/SessionLoginThrottle.module line 100)
2014-06-21 18:01:25	guest	http://pwtest.electrobach.com/ProcessWire-master/	Error: 	Exception: Please wait at least 15 seconds before attempting another login. (in /home5/electug8/public_html/pwtest/ProcessWire-master/wire/modules/Session/SessionLoginThrottle/SessionLoginThrottle.module line 100)
2014-06-21 18:02:22	guest	http://pwtest.electrobach.com/ProcessWire-master/	Error: 	Exception: Please wait at least 25 seconds before attempting another login. (in /home5/electug8/public_html/pwtest/ProcessWire-master/wire/modules/Session/SessionLoginThrottle/SessionLoginThrottle.module line 100)
2014-06-21 18:02:24	guest	http://pwtest.electrobach.com/ProcessWire-master/	Error: 	Exception: Please wait at least 25 seconds before attempting another login. (in /home5/electug8/public_html/pwtest/ProcessWire-master/wire/modules/Session/SessionLoginThrottle/SessionLoginThrottle.module line 100)
2014-06-21 18:02:26	guest	http://pwtest.electrobach.com/ProcessWire-master/	Error: 	Exception: Please wait at least 25 seconds before attempting another login. (in /home5/electug8/public_html/pwtest/ProcessWire-master/wire/modules/Session/SessionLoginThrottle/SessionLoginThrottle.module line 100)
2014-06-21 18:02:43	guest	http://pwtest.electrobach.com/ProcessWire-master/	Error: 	Exception: Please wait at least 30 seconds before attempting another login. (in /home5/electug8/public_html/pwtest/ProcessWire-master/wire/modules/Session/SessionLoginThrottle/SessionLoginThrottle.module line 100)
2014-06-21 18:02:49	guest	http://pwtest.electrobach.com/ProcessWire-master/	Error: 	Exception: Please wait at least 30 seconds before attempting another login. (in /home5/electug8/public_html/pwtest/ProcessWire-master/wire/modules/Session/SessionLoginThrottle/SessionLoginThrottle.module line 100)
2014-06-21 18:03:20	guest	http://pwtest.electrobach.com/ProcessWire-master/	Error: 	Exception: Please wait at least 35 seconds before attempting another login. (in /home5/electug8/public_html/pwtest/ProcessWire-master/wire/modules/Session/SessionLoginThrottle/SessionLoginThrottle.module line 100)
2014-06-21 18:03:21	guest	http://pwtest.electrobach.com/ProcessWire-master/	Error: 	Exception: Please wait at least 35 seconds before attempting another login. (in /home5/electug8/public_html/pwtest/ProcessWire-master/wire/modules/Session/SessionLoginThrottle/SessionLoginThrottle.module line 100)
2014-06-21 18:03:23	guest	http://pwtest.electrobach.com/ProcessWire-master/	Error: 	Exception: Please wait at least 35 seconds before attempting another login. (in /home5/electug8/public_html/pwtest/ProcessWire-master/wire/modules/Session/SessionLoginThrottle/SessionLoginThrottle.module line 100)
2014-06-21 18:04:34	guest	http://pwtest.electrobach.com/ProcessWire-master/	Error: 	Exception: Please wait at least 40 seconds before attempting another login. (in /home5/electug8/public_html/pwtest/ProcessWire-master/wire/modules/Session/SessionLoginThrottle/SessionLoginThrottle.module line 100)
2014-06-21 18:06:41	guest	http://pwtest.electrobach.com/ProcessWire-master/	Error: 	Exception: Please wait at least 45 seconds before attempting another login. (in /home5/electug8/public_html/pwtest/ProcessWire-master/wire/modules/Session/SessionLoginThrottle/SessionLoginThrottle.module line 100)  #0 /home5/electug8/public_html/pwtest/ProcessWire-master/wire/modules/Session/SessionLoginThrottle/SessionLoginThrottle.module(68): SessionLoginThrottle->allowLogin('') #1 /home5/electug8/public_html/pwtest/ProcessWire-master/wire/core/Wire.php(381): SessionLoginThrottle->sessionAllowLogin(Object(HookEvent)) #2 /home5/electug8/public_html/pwtest/ProcessWire-master/wire/core/Wire.php(317): Wire->runHooks('allowLogin', Array) #3 /home5/electug8/public_html/pwtest/ProcessWire-master/wire/core/Session.php(259): Wire->__call('allowLogin', Array) #4 /home5/electug8/public_html/pwtest/ProcessWire-master/wire/core/Session.php(259): Session->allowLogin('') #5 [internal function]: Session->___login('', NULL) #6 /home5/electug8/public_html/pwtest/ProcessWire-master/wire/core/Wire.php(359): call_user_func_arra
2014-06-21 18:11:04	guest	http://pwtest.electrobach.com/ProcessWire-master/	Error: 	Exception: Please wait at least 50 seconds before attempting another login. (in /home5/electug8/public_html/pwtest/ProcessWire-master/wire/modules/Session/SessionLoginThrottle/SessionLoginThrottle.module line 100)  #0 /home5/electug8/public_html/pwtest/ProcessWire-master/wire/modules/Session/SessionLoginThrottle/SessionLoginThrottle.module(68): SessionLoginThrottle->allowLogin('') #1 /home5/electug8/public_html/pwtest/ProcessWire-master/wire/core/Wire.php(381): SessionLoginThrottle->sessionAllowLogin(Object(HookEvent)) #2 /home5/electug8/public_html/pwtest/ProcessWire-master/wire/core/Wire.php(317): Wire->runHooks('allowLogin', Array) #3 /home5/electug8/public_html/pwtest/ProcessWire-master/wire/core/Session.php(259): Wire->__call('allowLogin', Array) #4 /home5/electug8/public_html/pwtest/ProcessWire-master/wire/core/Session.php(259): Session->allowLogin('') #5 [internal function]: Session->___login('', NULL) #6 /home5/electug8/public_html/pwtest/ProcessWire-master/wire/core/Wire.php(359): call_user_func_arra
2014-06-21 18:11:06	guest	http://pwtest.electrobach.com/ProcessWire-master/	Error: 	Exception: Please wait at least 50 seconds before attempting another login. (in /home5/electug8/public_html/pwtest/ProcessWire-master/wire/modules/Session/SessionLoginThrottle/SessionLoginThrottle.module line 100)  #0 /home5/electug8/public_html/pwtest/ProcessWire-master/wire/modules/Session/SessionLoginThrottle/SessionLoginThrottle.module(68): SessionLoginThrottle->allowLogin('') #1 /home5/electug8/public_html/pwtest/ProcessWire-master/wire/core/Wire.php(381): SessionLoginThrottle->sessionAllowLogin(Object(HookEvent)) #2 /home5/electug8/public_html/pwtest/ProcessWire-master/wire/core/Wire.php(317): Wire->runHooks('allowLogin', Array) #3 /home5/electug8/public_html/pwtest/ProcessWire-master/wire/core/Session.php(259): Wire->__call('allowLogin', Array) #4 /home5/electug8/public_html/pwtest/ProcessWire-master/wire/core/Session.php(259): Session->allowLogin('') #5 [internal function]: Session->___login('', NULL) #6 /home5/electug8/public_html/pwtest/ProcessWire-master/wire/core/Wire.php(359): call_user_func_arra
2014-06-21 18:11:15	guest	http://pwtest.electrobach.com/ProcessWire-master/	Error: 	Exception: Please wait at least 50 seconds before attempting another login. (in /home5/electug8/public_html/pwtest/ProcessWire-master/wire/modules/Session/SessionLoginThrottle/SessionLoginThrottle.module line 100)  #0 /home5/electug8/public_html/pwtest/ProcessWire-master/wire/modules/Session/SessionLoginThrottle/SessionLoginThrottle.module(68): SessionLoginThrottle->allowLogin('') #1 /home5/electug8/public_html/pwtest/ProcessWire-master/wire/core/Wire.php(381): SessionLoginThrottle->sessionAllowLogin(Object(HookEvent)) #2 /home5/electug8/public_html/pwtest/ProcessWire-master/wire/core/Wire.php(317): Wire->runHooks('allowLogin', Array) #3 /home5/electug8/public_html/pwtest/ProcessWire-master/wire/core/Session.php(259): Wire->__call('allowLogin', Array) #4 /home5/electug8/public_html/pwtest/ProcessWire-master/wire/core/Session.php(259): Session->allowLogin('') #5 [internal function]: Session->___login('', NULL) #6 /home5/electug8/public_html/pwtest/ProcessWire-master/wire/core/Wire.php(359): call_user_func_arra
2014-06-21 18:11:17	guest	http://pwtest.electrobach.com/ProcessWire-master/	Error: 	Exception: Please wait at least 50 seconds before attempting another login. (in /home5/electug8/public_html/pwtest/ProcessWire-master/wire/modules/Session/SessionLoginThrottle/SessionLoginThrottle.module line 100)  #0 /home5/electug8/public_html/pwtest/ProcessWire-master/wire/modules/Session/SessionLoginThrottle/SessionLoginThrottle.module(68): SessionLoginThrottle->allowLogin('') #1 /home5/electug8/public_html/pwtest/ProcessWire-master/wire/core/Wire.php(381): SessionLoginThrottle->sessionAllowLogin(Object(HookEvent)) #2 /home5/electug8/public_html/pwtest/ProcessWire-master/wire/core/Wire.php(317): Wire->runHooks('allowLogin', Array) #3 /home5/electug8/public_html/pwtest/ProcessWire-master/wire/core/Session.php(259): Wire->__call('allowLogin', Array) #4 /home5/electug8/public_html/pwtest/ProcessWire-master/wire/core/Session.php(259): Session->allowLogin('') #5 [internal function]: Session->___login('', NULL) #6 /home5/electug8/public_html/pwtest/ProcessWire-master/wire/core/Wire.php(359): call_user_func_arra
2014-06-21 18:11:18	guest	http://pwtest.electrobach.com/ProcessWire-master/	Error: 	Exception: Please wait at least 50 seconds before attempting another login. (in /home5/electug8/public_html/pwtest/ProcessWire-master/wire/modules/Session/SessionLoginThrottle/SessionLoginThrottle.module line 100)  #0 /home5/electug8/public_html/pwtest/ProcessWire-master/wire/modules/Session/SessionLoginThrottle/SessionLoginThrottle.module(68): SessionLoginThrottle->allowLogin('') #1 /home5/electug8/public_html/pwtest/ProcessWire-master/wire/core/Wire.php(381): SessionLoginThrottle->sessionAllowLogin(Object(HookEvent)) #2 /home5/electug8/public_html/pwtest/ProcessWire-master/wire/core/Wire.php(317): Wire->runHooks('allowLogin', Array) #3 /home5/electug8/public_html/pwtest/ProcessWire-master/wire/core/Session.php(259): Wire->__call('allowLogin', Array) #4 /home5/electug8/public_html/pwtest/ProcessWire-master/wire/core/Session.php(259): Session->allowLogin('') #5 [internal function]: Session->___login('', NULL) #6 /home5/electug8/public_html/pwtest/ProcessWire-master/wire/core/Wire.php(359): call_user_func_arra
2014-06-21 18:11:24	guest	http://pwtest.electrobach.com/ProcessWire-master/	Error: 	Exception: Please wait at least 50 seconds before attempting another login. (in /home5/electug8/public_html/pwtest/ProcessWire-master/wire/modules/Session/SessionLoginThrottle/SessionLoginThrottle.module line 100)  #0 /home5/electug8/public_html/pwtest/ProcessWire-master/wire/modules/Session/SessionLoginThrottle/SessionLoginThrottle.module(68): SessionLoginThrottle->allowLogin('') #1 /home5/electug8/public_html/pwtest/ProcessWire-master/wire/core/Wire.php(381): SessionLoginThrottle->sessionAllowLogin(Object(HookEvent)) #2 /home5/electug8/public_html/pwtest/ProcessWire-master/wire/core/Wire.php(317): Wire->runHooks('allowLogin', Array) #3 /home5/electug8/public_html/pwtest/ProcessWire-master/wire/core/Session.php(259): Wire->__call('allowLogin', Array) #4 /home5/electug8/public_html/pwtest/ProcessWire-master/wire/core/Session.php(259): Session->allowLogin('') #5 [internal function]: Session->___login('', NULL) #6 /home5/electug8/public_html/pwtest/ProcessWire-master/wire/core/Wire.php(359): call_user_func_arra
2014-06-21 18:26:26	guest	http://pwtest.electrobach.com/ProcessWire-master/	Error: 	Exception: Please wait at least 60 seconds before attempting another login. (in /home5/electug8/public_html/pwtest/ProcessWire-master/wire/modules/Session/SessionLoginThrottle/SessionLoginThrottle.module line 100)  #0 /home5/electug8/public_html/pwtest/ProcessWire-master/wire/modules/Session/SessionLoginThrottle/SessionLoginThrottle.module(68): SessionLoginThrottle->allowLogin('') #1 /home5/electug8/public_html/pwtest/ProcessWire-master/wire/core/Wire.php(381): SessionLoginThrottle->sessionAllowLogin(Object(HookEvent)) #2 /home5/electug8/public_html/pwtest/ProcessWire-master/wire/core/Wire.php(317): Wire->runHooks('allowLogin', Array) #3 /home5/electug8/public_html/pwtest/ProcessWire-master/wire/core/Session.php(259): Wire->__call('allowLogin', Array) #4 /home5/electug8/public_html/pwtest/ProcessWire-master/wire/core/Session.php(259): Session->allowLogin('') #5 [internal function]: Session->___login('', NULL) #6 /home5/electug8/public_html/pwtest/ProcessWire-master/wire/core/Wire.php(359): call_user_func_arra
2014-06-21 18:28:21	guest	http://pwtest.electrobach.com/ProcessWire-master/	Error: 	Exception: Please wait at least 60 seconds before attempting another login. (in /home5/electug8/public_html/pwtest/ProcessWire-master/wire/modules/Session/SessionLoginThrottle/SessionLoginThrottle.module line 100)  #0 /home5/electug8/public_html/pwtest/ProcessWire-master/wire/modules/Session/SessionLoginThrottle/SessionLoginThrottle.module(68): SessionLoginThrottle->allowLogin('') #1 /home5/electug8/public_html/pwtest/ProcessWire-master/wire/core/Wire.php(381): SessionLoginThrottle->sessionAllowLogin(Object(HookEvent)) #2 /home5/electug8/public_html/pwtest/ProcessWire-master/wire/core/Wire.php(317): Wire->runHooks('allowLogin', Array) #3 /home5/electug8/public_html/pwtest/ProcessWire-master/wire/core/Session.php(259): Wire->__call('allowLogin', Array) #4 /home5/electug8/public_html/pwtest/ProcessWire-master/wire/core/Session.php(259): Session->allowLogin('') #5 [internal function]: Session->___login('', NULL) #6 /home5/electug8/public_html/pwtest/ProcessWire-master/wire/core/Wire.php(359): call_user_func_arra
2014-06-21 18:29:58	guest	http://pwtest.electrobach.com/ProcessWire-master/	Error: 	Exception: Please wait at least 60 seconds before attempting another login. (in /home5/electug8/public_html/pwtest/ProcessWire-master/wire/modules/Session/SessionLoginThrottle/SessionLoginThrottle.module line 100)  #0 /home5/electug8/public_html/pwtest/ProcessWire-master/wire/modules/Session/SessionLoginThrottle/SessionLoginThrottle.module(68): SessionLoginThrottle->allowLogin('') #1 /home5/electug8/public_html/pwtest/ProcessWire-master/wire/core/Wire.php(381): SessionLoginThrottle->sessionAllowLogin(Object(HookEvent)) #2 /home5/electug8/public_html/pwtest/ProcessWire-master/wire/core/Wire.php(317): Wire->runHooks('allowLogin', Array) #3 /home5/electug8/public_html/pwtest/ProcessWire-master/wire/core/Session.php(259): Wire->__call('allowLogin', Array) #4 /home5/electug8/public_html/pwtest/ProcessWire-master/wire/core/Session.php(259): Session->allowLogin('') #5 [internal function]: Session->___login('', NULL) #6 /home5/electug8/public_html/pwtest/ProcessWire-master/wire/core/Wire.php(359): call_user_func_arra
2014-06-21 18:34:19	guest	http://pwtest.electrobach.com/ProcessWire-master/	Parse Error: 	syntax error, unexpected ';' (line 19 of /home5/electug8/public_html/pwtest/ProcessWire-master/site/templates/login.php)
2014-06-22 12:35:22	guest	http://pwtest.electrobach.com/	Error: 	Exception: Please wait at least 25 seconds before attempting another login. (in /home5/electug8/public_html/pwtest/wire/modules/Session/SessionLoginThrottle/SessionLoginThrottle.module line 100)  #0 /home5/electug8/public_html/pwtest/wire/modules/Session/SessionLoginThrottle/SessionLoginThrottle.module(68): SessionLoginThrottle->allowLogin('admin') #1 /home5/electug8/public_html/pwtest/wire/core/Wire.php(381): SessionLoginThrottle->sessionAllowLogin(Object(HookEvent)) #2 /home5/electug8/public_html/pwtest/wire/core/Wire.php(317): Wire->runHooks('allowLogin', Array) #3 /home5/electug8/public_html/pwtest/wire/core/Session.php(259): Wire->__call('allowLogin', Array) #4 /home5/electug8/public_html/pwtest/wire/core/Session.php(259): Session->allowLogin('admin') #5 [internal function]: Session->___login('admin', 'cerveza') #6 /home5/electug8/public_html/pwtest/wire/core/Wire.php(359): call_user_func_array(Array, Array) #7 /home5/electug8/public_html/pwtest/wire/core/Wire.php(317): Wire->runHooks('login', Array) #8
2014-06-22 12:35:37	guest	http://pwtest.electrobach.com/	Error: 	Exception: Please wait at least 25 seconds before attempting another login. (in /home5/electug8/public_html/pwtest/wire/modules/Session/SessionLoginThrottle/SessionLoginThrottle.module line 100)  #0 /home5/electug8/public_html/pwtest/wire/modules/Session/SessionLoginThrottle/SessionLoginThrottle.module(68): SessionLoginThrottle->allowLogin('admin') #1 /home5/electug8/public_html/pwtest/wire/core/Wire.php(381): SessionLoginThrottle->sessionAllowLogin(Object(HookEvent)) #2 /home5/electug8/public_html/pwtest/wire/core/Wire.php(317): Wire->runHooks('allowLogin', Array) #3 /home5/electug8/public_html/pwtest/wire/core/Session.php(259): Wire->__call('allowLogin', Array) #4 /home5/electug8/public_html/pwtest/wire/core/Session.php(259): Session->allowLogin('admin') #5 [internal function]: Session->___login('admin', 'cerveza') #6 /home5/electug8/public_html/pwtest/wire/core/Wire.php(359): call_user_func_array(Array, Array) #7 /home5/electug8/public_html/pwtest/wire/core/Wire.php(317): Wire->runHooks('login', Array) #8
2014-06-22 15:35:53	guest	http://pwtest.electrobach.com/	Error: 	Exception: Please wait at least 50 seconds before attempting another login. (in /home5/electug8/public_html/pwtest/wire/modules/Session/SessionLoginThrottle/SessionLoginThrottle.module line 100)  #0 /home5/electug8/public_html/pwtest/wire/modules/Session/SessionLoginThrottle/SessionLoginThrottle.module(68): SessionLoginThrottle->allowLogin('admin') #1 /home5/electug8/public_html/pwtest/wire/core/Wire.php(381): SessionLoginThrottle->sessionAllowLogin(Object(HookEvent)) #2 /home5/electug8/public_html/pwtest/wire/core/Wire.php(317): Wire->runHooks('allowLogin', Array) #3 /home5/electug8/public_html/pwtest/wire/core/Session.php(259): Wire->__call('allowLogin', Array) #4 /home5/electug8/public_html/pwtest/wire/core/Session.php(259): Session->allowLogin('admin') #5 [internal function]: Session->___login('admin', 'cerveza-gx1') #6 /home5/electug8/public_html/pwtest/wire/core/Wire.php(359): call_user_func_array(Array, Array) #7 /home5/electug8/public_html/pwtest/wire/core/Wire.php(317): Wire->runHooks('login', Array)
2014-06-22 15:54:45	guest	http://pwtest.electrobach.com/	Error: 	Exception: Please wait at least 60 seconds before attempting another login. (in /home5/electug8/public_html/pwtest/wire/modules/Session/SessionLoginThrottle/SessionLoginThrottle.module line 100)  #0 /home5/electug8/public_html/pwtest/wire/modules/Session/SessionLoginThrottle/SessionLoginThrottle.module(68): SessionLoginThrottle->allowLogin('admin') #1 /home5/electug8/public_html/pwtest/wire/core/Wire.php(381): SessionLoginThrottle->sessionAllowLogin(Object(HookEvent)) #2 /home5/electug8/public_html/pwtest/wire/core/Wire.php(317): Wire->runHooks('allowLogin', Array) #3 /home5/electug8/public_html/pwtest/wire/core/Session.php(259): Wire->__call('allowLogin', Array) #4 /home5/electug8/public_html/pwtest/wire/core/Session.php(259): Session->allowLogin('admin') #5 [internal function]: Session->___login('admin', 'cerveza-gx1') #6 /home5/electug8/public_html/pwtest/wire/core/Wire.php(359): call_user_func_array(Array, Array) #7 /home5/electug8/public_html/pwtest/wire/core/Wire.php(317): Wire->runHooks('login', Array)
2014-06-22 15:55:09	guest	http://pwtest.electrobach.com/	Error: 	Exception: Please wait at least 60 seconds before attempting another login. (in /home5/electug8/public_html/pwtest/wire/modules/Session/SessionLoginThrottle/SessionLoginThrottle.module line 100)  #0 /home5/electug8/public_html/pwtest/wire/modules/Session/SessionLoginThrottle/SessionLoginThrottle.module(68): SessionLoginThrottle->allowLogin('admin') #1 /home5/electug8/public_html/pwtest/wire/core/Wire.php(381): SessionLoginThrottle->sessionAllowLogin(Object(HookEvent)) #2 /home5/electug8/public_html/pwtest/wire/core/Wire.php(317): Wire->runHooks('allowLogin', Array) #3 /home5/electug8/public_html/pwtest/wire/core/Session.php(259): Wire->__call('allowLogin', Array) #4 /home5/electug8/public_html/pwtest/wire/core/Session.php(259): Session->allowLogin('admin') #5 [internal function]: Session->___login('admin', 'cerveza-gx1') #6 /home5/electug8/public_html/pwtest/wire/core/Wire.php(359): call_user_func_array(Array, Array) #7 /home5/electug8/public_html/pwtest/wire/core/Wire.php(317): Wire->runHooks('login', Array)
2014-06-23 09:30:38	guest	http://pwtest.electrobach.com/	Error: 	Exception: Please wait at least 60 seconds before attempting another login. (in /home5/electug8/public_html/pwtest/wire/modules/Session/SessionLoginThrottle/SessionLoginThrottle.module line 100)  #0 /home5/electug8/public_html/pwtest/wire/modules/Session/SessionLoginThrottle/SessionLoginThrottle.module(68): SessionLoginThrottle->allowLogin('admin') #1 /home5/electug8/public_html/pwtest/wire/core/Wire.php(381): SessionLoginThrottle->sessionAllowLogin(Object(HookEvent)) #2 /home5/electug8/public_html/pwtest/wire/core/Wire.php(317): Wire->runHooks('allowLogin', Array) #3 /home5/electug8/public_html/pwtest/wire/core/Session.php(259): Wire->__call('allowLogin', Array) #4 /home5/electug8/public_html/pwtest/wire/core/Session.php(259): Session->allowLogin('admin') #5 [internal function]: Session->___login('admin', 'cerveza-gx1') #6 /home5/electug8/public_html/pwtest/wire/core/Wire.php(359): call_user_func_array(Array, Array) #7 /home5/electug8/public_html/pwtest/wire/core/Wire.php(317): Wire->runHooks('login', Array)
2014-06-23 09:30:51	guest	http://pwtest.electrobach.com/	Error: 	Exception: Please wait at least 60 seconds before attempting another login. (in /home5/electug8/public_html/pwtest/wire/modules/Session/SessionLoginThrottle/SessionLoginThrottle.module line 100)  #0 /home5/electug8/public_html/pwtest/wire/modules/Session/SessionLoginThrottle/SessionLoginThrottle.module(68): SessionLoginThrottle->allowLogin('admin') #1 /home5/electug8/public_html/pwtest/wire/core/Wire.php(381): SessionLoginThrottle->sessionAllowLogin(Object(HookEvent)) #2 /home5/electug8/public_html/pwtest/wire/core/Wire.php(317): Wire->runHooks('allowLogin', Array) #3 /home5/electug8/public_html/pwtest/wire/core/Session.php(259): Wire->__call('allowLogin', Array) #4 /home5/electug8/public_html/pwtest/wire/core/Session.php(259): Session->allowLogin('admin') #5 [internal function]: Session->___login('admin', 'cerveza-gx1') #6 /home5/electug8/public_html/pwtest/wire/core/Wire.php(359): call_user_func_array(Array, Array) #7 /home5/electug8/public_html/pwtest/wire/core/Wire.php(317): Wire->runHooks('login', Array)
2014-06-24 22:01:33	guest	http://pwtest.electrobach.com/?/	Error: 	Uncaught exception 'WireException' with message 'Can't save page 0: /processwire/access/users//: It has an empty 'name' field' in /home5/electug8/public_html/pwtest/wire/core/Pages.php:604 Stack trace: #0 [internal function]: Pages->___save(Object(User), Array) #1 /home5/electug8/public_html/pwtest/wire/core/Wire.php(359): call_user_func_array(Array, Array) #2 /home5/electug8/public_html/pwtest/wire/core/Wire.php(317): Wire->runHooks('save', Array) #3 /home5/electug8/public_html/pwtest/wire/core/Page.php(1113): Wire->__call('save', Array) #4 /home5/electug8/public_html/pwtest/wire/core/Page.php(1113): Pages->save(Object(User), Array) #5 /home5/electug8/public_html/pwtest/phpscripts/register.php(27): Page->save() #6 {main}   thrown (line 604 of /home5/electug8/public_html/pwtest/wire/core/Pages.php)
2014-06-28 23:50:01	guest	http://pwtest.electrobach.com/?/	Error: 	Call to a member function username() on a non-object (line 9 of /home5/electug8/public_html/pwtest/phpscripts/checklogin.php)
2014-06-28 23:51:44	guest	http://pwtest.electrobach.com/?/	Error: 	Call to a member function username() on a non-object (line 9 of /home5/electug8/public_html/pwtest/phpscripts/checklogin.php)
2014-06-28 23:51:46	guest	http://pwtest.electrobach.com/?/	Error: 	Call to a member function username() on a non-object (line 9 of /home5/electug8/public_html/pwtest/phpscripts/checklogin.php)
2014-06-28 23:51:54	guest	http://pwtest.electrobach.com/?/	Error: 	Call to a member function username() on a non-object (line 9 of /home5/electug8/public_html/pwtest/phpscripts/checklogin.php)
2014-06-28 23:58:51	guest	http://pwtest.electrobach.com/?/	Error: 	Call to a member function username() on a non-object (line 9 of /home5/electug8/public_html/pwtest/phpscripts/checklogin.php)
2014-06-29 00:00:32	guest	http://pwtest.electrobach.com/?/	Error: 	Call to a member function username() on a non-object (line 9 of /home5/electug8/public_html/pwtest/phpscripts/checklogin.php)
2014-06-29 00:00:32	guest	http://pwtest.electrobach.com/?/	Error: 	Call to a member function username() on a non-object (line 9 of /home5/electug8/public_html/pwtest/phpscripts/checklogin.php)
2014-06-29 00:15:02	guest	http://pwtest.electrobach.com/	Parse Error: 	syntax error, unexpected '
2014-06-29 00:18:58	guest	http://pwtest.electrobach.com/	Parse Error: 	syntax error, unexpected '/' (line 65 of /home5/electug8/public_html/pwtest/site/templates/login.php)
2014-07-04 20:24:13	t3-email.com	http://http://pwtest.local/?/	Error: 	Uncaught exception 'PDOException' with message 'SQLSTATE[23000]: Integrity constraint violation: 1062 Duplicate entry 't3-email.com-29' for key 'name_parent_id'' in /Applications/XAMPP/xamppfiles/htdocs/pwtest/wire/core/Pages.php:692 Stack trace: #0 /Applications/XAMPP/xamppfiles/htdocs/pwtest/wire/core/Pages.php(692): PDOStatement->execute() #1 /Applications/XAMPP/xamppfiles/htdocs/pwtest/wire/core/Pages.php(614): Pages->savePageQuery(Object(User), Array) #2 [internal function]: Pages->___save(Object(User), Array) #3 /Applications/XAMPP/xamppfiles/htdocs/pwtest/wire/core/Wire.php(359): call_user_func_array(Array, Array) #4 /Applications/XAMPP/xamppfiles/htdocs/pwtest/wire/core/Wire.php(317): Wire->runHooks('save', Array) #5 /Applications/XAMPP/xamppfiles/htdocs/pwtest/wire/core/Page.php(1113): Wire->__call('save', Array) #6 /Applications/XAMPP/xamppfiles/htdocs/pwtest/wire/core/Page.php(1113): Pages->save(Object(User), Array) #7 /Applications/XAMPP/xamppfiles/htdocs/pwtest/phpscripts/register.php(28): Page-> (line 692 of /Applications/XAMPP/xamppfiles/htdocs/pwtest/wire/core/Pages.php)
2014-07-05 09:17:29	guest	http://pwtest.local/	Parse Error: 	syntax error, unexpected ')' (line 134 of /Applications/XAMPP/xamppfiles/htdocs/pwtest/site/templates/login.php)
2014-07-05 09:31:47	guest	http://pwtest.local/	Parse Error: 	syntax error, unexpected '$session' (T_VARIABLE) (line 30 of /Applications/XAMPP/xamppfiles/htdocs/pwtest/site/templates/login.php)
2014-07-05 09:36:22	t4-email.com	http://pwtest.local/	Parse Error: 	syntax error, unexpected 'if' (T_IF) (line 126 of /Applications/XAMPP/xamppfiles/htdocs/pwtest/site/templates/login.php)
2014-07-06 18:30:06	tehandyb-gmail.com	http://pwtest.local/	Parse Error: 	syntax error, unexpected '
2014-07-06 19:58:41	admin	http://pwtest.local/	Parse Error: 	syntax error, unexpected 'echo' (T_ECHO) (line 25 of /Applications/XAMPP/xamppfiles/htdocs/pwtest/site/templates/home.php)
2014-07-06 19:58:56	admin	http://pwtest.local/	Parse Error: 	syntax error, unexpected 'echo' (T_ECHO) (line 28 of /Applications/XAMPP/xamppfiles/htdocs/pwtest/site/templates/home.php)
2014-07-06 21:59:36	admin	http://pwtest.local/browse/test-profile-tehandyb/	Parse Error: 	syntax error, unexpected '?>' (line 14 of /Applications/XAMPP/xamppfiles/htdocs/pwtest/site/templates/UserProfile.php)
2014-07-28 17:13:16	?	http://pwtest.local/?/	Error: 	Exception: SQLSTATE[28000] [1045] Access denied for user 'electug8_pwire1'@'localhost' (using password: YES) (in /Applications/AMPPS/www/pwtest/wire/core/ProcessWire.php line 143)  #0 /Applications/AMPPS/www/pwtest/wire/core/ProcessWire.php(51): ProcessWire->load(Object(Config)) #1 /Applications/AMPPS/www/pwtest/index.php(185): ProcessWire->__construct(Object(Config)) #2 {main}
2014-07-28 17:16:45	?	http://pwtest.local/?/	Error: 	Exception: SQLSTATE[28000] [1045] Access denied for user 'electug8_pwire1'@'localhost' (using password: YES) (in /Applications/AMPPS/www/pwtest/wire/core/ProcessWire.php line 143)  #0 /Applications/AMPPS/www/pwtest/wire/core/ProcessWire.php(51): ProcessWire->load(Object(Config)) #1 /Applications/AMPPS/www/pwtest/index.php(185): ProcessWire->__construct(Object(Config)) #2 {main}
2014-07-28 17:17:40	?	http://pwtest.local/?/	Error: 	Call to undefined function ctype_digit() (line 420 of /Applications/AMPPS/www/pwtest/wire/core/Modules.php)
2014-07-28 17:18:22	?	http://pwtest.local/?/	Error: 	Call to undefined function ctype_digit() (line 420 of /Applications/AMPPS/www/pwtest/wire/core/Modules.php)
2014-07-28 17:19:22	?	http://pwtest.local/?/	Error: 	Call to undefined function ctype_digit() (line 420 of /Applications/AMPPS/www/pwtest/wire/core/Modules.php)
2014-07-28 17:19:23	?	http://pwtest.local/?/	Error: 	Call to undefined function ctype_digit() (line 420 of /Applications/AMPPS/www/pwtest/wire/core/Modules.php)
2014-07-28 17:20:45	?	http://pwtest.local/?/	Error: 	Call to undefined function ctype_digit() (line 420 of /Applications/AMPPS/www/pwtest/wire/core/Modules.php)
2014-07-28 17:23:04	?	http://pwtest.local/?/	Error: 	Call to undefined function ctype_digit() (line 420 of /Applications/AMPPS/www/pwtest/wire/core/Modules.php)
2014-07-28 18:17:08	?	http://pwtest.local/?/	Error: 	Call to undefined function ctype_digit() (line 420 of /Applications/AMPPS/www/pwtest/wire/core/Modules.php)
2014-07-28 18:18:56	?	http://pwtest.local/?/	Error: 	Call to undefined function ctype_digit() (line 420 of /Applications/AMPPS/www/pwtest/wire/core/Modules.php)
2014-07-28 18:21:53	?	http://pwtest.local/?/	Error: 	Call to undefined function ctype_digit() (line 420 of /Applications/AMPPS/www/pwtest/wire/core/Modules.php)
2014-07-28 18:21:56	?	http://pwtest.local/?/	Error: 	Call to undefined function ctype_digit() (line 420 of /Applications/AMPPS/www/pwtest/wire/core/Modules.php)
2014-07-28 18:22:10	?	http://pwtest.local/?/	Error: 	Call to undefined function ctype_digit() (line 420 of /Applications/AMPPS/www/pwtest/wire/core/Modules.php)
2014-07-28 18:23:38	?	http://pwtest.local/?/	Error: 	Call to undefined function ctype_digit() (line 420 of /Applications/AMPPS/www/pwtest/wire/core/Modules.php)
2014-07-28 18:23:42	?	http://pwtest.local/?/	Error: 	Call to undefined function ctype_digit() (line 420 of /Applications/AMPPS/www/pwtest/wire/core/Modules.php)
2014-07-28 18:42:33	?	http://pwtest.local/?/	Error: 	Call to undefined function ctype_digit() (line 420 of /Applications/AMPPS/www/pwtest/wire/core/Modules.php)
2014-07-28 18:42:34	?	http://pwtest.local/?/	Error: 	Call to undefined function ctype_digit() (line 420 of /Applications/AMPPS/www/pwtest/wire/core/Modules.php)
2014-07-28 18:43:15	?	http://pwtest.local/?/	Error: 	Call to undefined function ctype_digit() (line 420 of /Applications/AMPPS/www/pwtest/wire/core/Modules.php)
2014-07-28 18:43:38	?	http://pwtest.local/?/	Error: 	Call to undefined function ctype_digit() (line 420 of /Applications/AMPPS/www/pwtest/wire/core/Modules.php)
2014-07-28 18:43:39	?	http://pwtest.local/?/	Error: 	Call to undefined function ctype_digit() (line 420 of /Applications/AMPPS/www/pwtest/wire/core/Modules.php)
2014-07-28 19:01:22	tehandyb-gmail.com	http://pwtest.local/	Error: 	Call to a member function first() on a non-object (line 49 of /Applications/AMPPS/www/pwtest/site/templates/realhead.inc)
2014-07-28 19:02:18	tehandyb-gmail.com	http://pwtest.local/	Error: 	Call to a member function first() on a non-object (line 49 of /Applications/AMPPS/www/pwtest/site/templates/realhead.inc)
2014-07-28 19:02:53	tehandyb-gmail.com	http://pwtest.local/	Error: 	Call to a member function first() on a non-object (line 49 of /Applications/AMPPS/www/pwtest/site/templates/realhead.inc)
2014-07-28 19:04:31	tehandyb-gmail.com	http://pwtest.local/	Error: 	Call to a member function first() on a non-object (line 49 of /Applications/AMPPS/www/pwtest/site/templates/realhead.inc)
2014-07-28 19:04:38	tehandyb-gmail.com	http://pwtest.local/	Error: 	Call to a member function first() on a non-object (line 49 of /Applications/AMPPS/www/pwtest/site/templates/realhead.inc)
2014-07-28 19:19:02	tehandyb-gmail.com	http://pwtest.local/	Error: 	Call to a member function first() on a non-object (line 49 of /Applications/AMPPS/www/pwtest/site/templates/realhead.inc)
2014-07-28 19:19:04	tehandyb-gmail.com	http://pwtest.local/	Error: 	Call to a member function first() on a non-object (line 49 of /Applications/AMPPS/www/pwtest/site/templates/realhead.inc)
